<?xml version="1.0" encoding="UTF-8"?>
<testsuite xmlns:xsi="http://www.w3.org/2001/XMLSchema-instance" xsi:noNamespaceSchemaLocation="https://maven.apache.org/surefire/maven-surefire-plugin/xsd/surefire-test-report-3.0.xsd" version="3.0" name="edu.yu.compilers.JavanaSemanticTests" time="0.37" tests="10" errors="0" skipped="0" failures="0">
  <properties>
[...]
</properties>
  <testcase name="TestFunction" classname="edu.yu.compilers.JavanaSemanticTests" time="0.052">
    <system-out><![CDATA[
==========Running Semantic check on TestFunction Test==============

==========End TestFunction Test==============
]]></system-out>
  </testcase>
  <testcase name="TestIf" classname="edu.yu.compilers.JavanaSemanticTests" time="0.023">
    <system-out><![CDATA[
==========Running Semantic check on TestIf Test==============

==========End TestIf Test==============
]]></system-out>
  </testcase>
  <testcase name="SimpleForLoopTest" classname="edu.yu.compilers.JavanaSemanticTests" time="0.037">
    <system-out><![CDATA[
==========Running Semantic check on SimpleForLoop Test==============

==========End SimpleForLoop Test==============
]]></system-out>
  </testcase>
  <testcase name="TestCase" classname="edu.yu.compilers.JavanaSemanticTests" time="0.069">
    <system-out><![CDATA[
==========Running Semantic check on TestCase Test==============

==========End TestCase Test==============
]]></system-out>
  </testcase>
  <testcase name="TypeTest" classname="edu.yu.compilers.JavanaSemanticTests" time="0.034">
    <system-out><![CDATA[
==========Running Semantic check on TypeTest Test==============

==========End TypeTest Test==============
]]></system-out>
  </testcase>
  <testcase name="TestProcedure" classname="edu.yu.compilers.JavanaSemanticTests" time="0.023">
    <system-out><![CDATA[
==========Running Semantic check on TestProcedure Test==============

==========End TestProcedure Test==============
]]></system-out>
  </testcase>
  <testcase name="TestWhile" classname="edu.yu.compilers.JavanaSemanticTests" time="0.024">
    <system-out><![CDATA[
==========Running Semantic check on TestWhile Test==============

==========End TestWhile Test==============
]]></system-out>
  </testcase>
  <testcase name="HelloWorldTest" classname="edu.yu.compilers.JavanaSemanticTests" time="0.024">
    <system-out><![CDATA[
==========Running Semantic check on HelloWorld Test==============

==========End HelloWorld Test==============
]]></system-out>
  </testcase>
  <testcase name="TestProcedureVar" classname="edu.yu.compilers.JavanaSemanticTests" time="0.025">
    <system-out><![CDATA[
==========Running Semantic check on TestProcedureVar Test==============

==========End TestProcedureVar Test==============
]]></system-out>
  </testcase>
  <testcase name="SnowsTest" classname="edu.yu.compilers.JavanaSemanticTests" time="0.025">
    <system-out><![CDATA[
==========Running Semantic check on Snows Test==============

==========End Snows Test==============
]]></system-out>
  </testcase>
</testsuite>